<?xml version="1.0" encoding="UTF-8"?>
<testsuite name="net.thucydides.showcase.cucumber.Likes" time="2.991" tests="4" errors="0" skipped="0" failures="0">
  <properties>
[...]
</properties>
  <testcase name="Given I am on the home page" classname="Scenario: Like to stay in touch" time="0.001"/>
  <testcase name="When I click on likes" classname="Scenario: Like to stay in touch" time="0"/>
  <testcase name="Then I should like until I have no more options" classname="Scenario: Like to stay in touch" time="0"/>
  <testcase name="Scenario: Like to stay in touch" classname="Scenario: Like to stay in touch" time="2.99"/>
</testsuite>